<?xml version="1.0" encoding="UTF-8"?>
<testng-results skipped="0" failed="0" ignored="0" total="1" passed="1">
  <reporter-output>
  </reporter-output>
  <suite name="Default suite" duration-ms="146631" started-at="2021-07-14T04:25:46Z" finished-at="2021-07-14T04:28:13Z">
    <groups>
    </groups>
    <test name="Default test" duration-ms="146631" started-at="2021-07-14T04:25:46Z" finished-at="2021-07-14T04:28:13Z">
      <class name="testNg.AddRoomTestNg">
        <test-method status="PASS" signature="beforeTest()[pri:0, instance:testNg.AddRoomTestNg@185d8b6]" name="beforeTest" is-config="true" duration-ms="79475" started-at="2021-07-14T04:25:46Z" finished-at="2021-07-14T04:27:06Z">
          <reporter-output>
          </reporter-output>
        </test-method> <!-- beforeTest -->
        <test-method status="PASS" signature="AddRoomFunctionality()[pri:0, instance:testNg.AddRoomTestNg@185d8b6]" name="AddRoomFunctionality" duration-ms="52677" started-at="2021-07-14T04:27:06Z" finished-at="2021-07-14T04:27:59Z">
          <reporter-output>
          </reporter-output>
        </test-method> <!-- AddRoomFunctionality -->
        <test-method status="PASS" signature="afterTest()[pri:0, instance:testNg.AddRoomTestNg@185d8b6]" name="afterTest" is-config="true" duration-ms="14047" started-at="2021-07-14T04:27:59Z" finished-at="2021-07-14T04:28:13Z">
          <reporter-output>
          </reporter-output>
        </test-method> <!-- afterTest -->
      </class> <!-- testNg.AddRoomTestNg -->
    </test> <!-- Default test -->
  </suite> <!-- Default suite -->
</testng-results>
